<?xml version="1.0" encoding="UTF-8"?>
<testsuite name="solutions._46Test" tests="1" skipped="0" failures="0" errors="0" timestamp="2020-01-20T06:34:26" hostname="Xiangpengs-MacBook-Pro.local" time="0.027">
  <properties/>
  <testcase name="shouldPermute()" classname="solutions._46Test" time="0.027"/>
  <system-out><![CDATA[]]></system-out>
  <system-err><![CDATA[]]></system-err>
</testsuite>
